[0.059s] colcon DEBUG Command line arguments: ['/usr/bin/colcon', 'list']
[0.059s] colcon DEBUG Parsed command line arguments: Namespace(log_base=None, log_level=None, verb_name='list', build_base='build', ignore_user_meta=False, metas=['./colcon.meta'], base_paths=['.'], packages_ignore=None, packages_ignore_regex=None, paths=None, packages_up_to=None, packages_up_to_regex=None, packages_above=None, packages_above_and_dependencies=None, packages_above_depth=None, packages_select_by_dep=None, packages_skip_by_dep=None, packages_skip_up_to=None, packages_select_build_failed=False, packages_skip_build_finished=False, packages_select_test_failures=False, packages_skip_test_passed=False, packages_select=None, packages_skip=None, packages_select_regex=None, packages_skip_regex=None, packages_start=None, packages_end=None, allow_overriding=[], topological_order=False, names_only=False, paths_only=False, topological_graph=False, topological_graph_dot=False, topological_graph_density=False, topological_graph_legend=False, topological_graph_dot_cluster=False, topological_graph_dot_include_skipped=False, mixin_files=None, mixin=None, verb_parser=<colcon_mixin.mixin.mixin_argument.MixinArgumentDecorator object at 0x77c491c66530>, verb_extension=<colcon_package_information.verb.list.ListVerb object at 0x77c491c65120>, main=<bound method ListVerb.main of <colcon_package_information.verb.list.ListVerb object at 0x77c491c65120>>, mixin_verb=('list',))
[0.157s] colcon.colcon_core.package_discovery Level 1 discover_packages(colcon_meta) check parameters
[0.157s] colcon.colcon_core.package_discovery Level 1 discover_packages(recursive) check parameters
[0.157s] colcon.colcon_core.package_discovery Level 1 discover_packages(ignore) check parameters
[0.157s] colcon.colcon_core.package_discovery Level 1 discover_packages(path) check parameters
[0.157s] colcon.colcon_core.package_discovery Level 1 discover_packages(colcon_meta) discover
[0.157s] colcon.colcon_core.package_discovery Level 1 discover_packages(recursive) discover
[0.157s] colcon.colcon_core.package_discovery INFO Crawling recursively for packages in '/home/david/AprilTag_ROS2_intel-D435'
[0.157s] colcon.colcon_core.package_identification Level 1 _identify(.) by extensions ['ignore', 'ignore_ament_install']
[0.157s] colcon.colcon_core.package_identification Level 1 _identify(.) by extension 'ignore'
[0.157s] colcon.colcon_core.package_identification Level 1 _identify(.) by extension 'ignore_ament_install'
[0.157s] colcon.colcon_core.package_identification Level 1 _identify(.) by extensions ['colcon_pkg']
[0.157s] colcon.colcon_core.package_identification Level 1 _identify(.) by extension 'colcon_pkg'
[0.157s] colcon.colcon_core.package_identification Level 1 _identify(.) by extensions ['colcon_meta']
[0.157s] colcon.colcon_core.package_identification Level 1 _identify(.) by extension 'colcon_meta'
[0.157s] colcon.colcon_core.package_identification Level 1 _identify(.) by extensions ['ros']
[0.157s] colcon.colcon_core.package_identification Level 1 _identify(.) by extension 'ros'
[0.163s] colcon.colcon_core.package_identification Level 1 _identify(.) by extensions ['cmake', 'python']
[0.163s] colcon.colcon_core.package_identification Level 1 _identify(.) by extension 'cmake'
[0.169s] colcon.colcon_core.package_identification Level 1 _identify(.) by extension 'python'
[0.170s] colcon.colcon_core.package_identification DEBUG Package '.' with type 'cmake' and name 'AprilTag'
[0.170s] colcon.colcon_core.package_discovery Level 1 discover_packages(recursive) using defaults
[0.170s] colcon.colcon_core.package_discovery Level 1 discover_packages(ignore) discover
[0.170s] colcon.colcon_core.package_discovery Level 1 discover_packages(ignore) using defaults
[0.170s] colcon.colcon_core.package_discovery Level 1 discover_packages(path) discover
[0.170s] colcon.colcon_core.package_discovery Level 1 discover_packages(path) using defaults
