CMake Error: The current CMakeCache.txt directory /home/david/AprilTag_ROS2_intel-D435/build/AprilTag/CMakeCache.txt is different than the directory /home/david/AprilTag-ROS-2-camera/build/AprilTag where CMakeCache.txt was created. This may result in binaries being created in the wrong place. If you are not sure, reedit the CMakeCache.txt
CMake Deprecation Warning at CMakeLists.txt:3 (cmake_minimum_required):
  Compatibility with CMake < 2.8.12 will be removed from a future version of
  CMake.

  Update the VERSION argument <min> value or use a ...<max> suffix to tell
  CMake that the project does not need compatibility with older versions.


In file included from /home/david/AprilTag-ROS-2-camera/src/common/unionfind.c:32:
/home/david/AprilTag-ROS-2-camera/src/common/unionfind.h: In function ‘unionfind_create’:
/home/david/AprilTag-ROS-2-camera/src/common/unionfind.h:63:23: warning: comparison of integer expressions of different signedness: ‘int’ and ‘uint32_t’ {aka ‘unsigned int’} [-Wsign-compare]
   63 |     for (int i = 0; i <= maxid; i++) {
      |                       ^~
/home/david/AprilTag-ROS-2-camera/src/common/zhash.c: In function ‘zhash_get’:
/home/david/AprilTag-ROS-2-camera/src/common/zhash.c:143:23: warning: comparison of integer expressions of different signedness: ‘int’ and ‘uint32_t’ {aka ‘unsigned int’} [-Wsign-compare]
  143 |     for (int i = 0; i < bucket->size; i++) {
      |                       ^
/home/david/AprilTag-ROS-2-camera/src/common/zhash.c: In function ‘zhash_get_volatile’:
/home/david/AprilTag-ROS-2-camera/src/common/zhash.c:166:23: warning: comparison of integer expressions of different signedness: ‘int’ and ‘uint32_t’ {aka ‘unsigned int’} [-Wsign-compare]
  166 |     for (int i = 0; i < bucket->size; i++) {
      |                       ^
/home/david/AprilTag-ROS-2-camera/src/common/zhash.c: In function ‘zhash_put_real’:
/home/david/AprilTag-ROS-2-camera/src/common/zhash.c:195:23: warning: comparison of integer expressions of different signedness: ‘int’ and ‘uint32_t’ {aka ‘unsigned int’} [-Wsign-compare]
  195 |     for (int i = 0; i < bucket->size; i++) {
      |                       ^
/home/david/AprilTag-ROS-2-camera/src/common/zhash.c: In function ‘zhash_remove’:
/home/david/AprilTag-ROS-2-camera/src/common/zhash.c:245:23: warning: comparison of integer expressions of different signedness: ‘int’ and ‘uint32_t’ {aka ‘unsigned int’} [-Wsign-compare]
  245 |     for (int i = 0; i < bucket->size; i++) {
      |                       ^
/home/david/AprilTag-ROS-2-camera/src/common/zhash.c:262:19: warning: comparison of integer expressions of different signedness: ‘int’ and ‘uint32_t’ {aka ‘unsigned int’} [-Wsign-compare]
  262 |             if (i != bucket->size - 1) {
      |                   ^~
/home/david/AprilTag-ROS-2-camera/src/common/zhash.c: In function ‘zhash_iterator_next_volatile’:
/home/david/AprilTag-ROS-2-camera/src/common/zhash.c:368:22: warning: comparison of integer expressions of different signedness: ‘int’ and ‘uint32_t’ {aka ‘unsigned int’} [-Wsign-compare]
  368 |         if (zit->idx < bucket->size) {
      |                      ^
/home/david/AprilTag-ROS-2-camera/src/common/image_u8.c: In function ‘image_u8_write_pnm’:
/home/david/AprilTag-ROS-2-camera/src/common/image_u8.c:181:23: warning: comparison of integer expressions of different signedness: ‘int’ and ‘size_t’ {aka ‘long unsigned int’} [-Wsign-compare]
  181 |         if (im->width != fwrite(&im->buf[y*im->stride], 1, im->width, f)) {
      |                       ^~
/home/david/AprilTag-ROS-2-camera/src/apriltag.c: In function ‘rotate90’:
/home/david/AprilTag-ROS-2-camera/src/apriltag.c:89:31: warning: comparison of integer expressions of different signedness: ‘int32_t’ {aka ‘int’} and ‘uint32_t’ {aka ‘unsigned int’} [-Wsign-compare]
   89 |         for (int32_t c = 0; c < d; c++) {
      |                               ^
/home/david/AprilTag-ROS-2-camera/src/apriltag.c: In function ‘quick_decode_init’:
/home/david/AprilTag-ROS-2-camera/src/apriltag.c:180:23: warning: comparison of integer expressions of different signedness: ‘int’ and ‘uint32_t’ {aka ‘unsigned int’} [-Wsign-compare]
  180 |     for (int i = 0; i < family->ncodes; i++) {
      |                       ^
/home/david/AprilTag-ROS-2-camera/src/apriltag.c: In function ‘quad_decode’:
/home/david/AprilTag-ROS-2-camera/src/apriltag.c:602:43: warning: comparison of integer expressions of different signedness: ‘int’ and ‘long unsigned int’ [-Wsign-compare]
  602 |     for (int pattern_idx = 0; pattern_idx < sizeof(patterns)/(5*sizeof(float)); pattern_idx ++) {
      |                                           ^
/home/david/AprilTag-ROS-2-camera/src/apriltag.c:607:27: warning: comparison of integer expressions of different signedness: ‘int’ and ‘uint32_t’ {aka ‘unsigned int’} [-Wsign-compare]
  607 |         for (int i = 0; i < 2*family->black_border + family->d; i++) {
      |                           ^
/home/david/AprilTag-ROS-2-camera/src/apriltag.c:637:33: warning: comparison of integer expressions of different signedness: ‘int’ and ‘uint32_t’ {aka ‘unsigned int’} [-Wsign-compare]
  637 |     for (int bitidx = 0; bitidx < family->d * family->d; bitidx++) {
      |                                 ^
In file included from /home/david/AprilTag-ROS-2-camera/src/apriltag_quad_thresh.c:44:
/home/david/AprilTag-ROS-2-camera/src/common/unionfind.h: In function ‘unionfind_create’:
/home/david/AprilTag-ROS-2-camera/src/common/unionfind.h:63:23: warning: comparison of integer expressions of different signedness: ‘int’ and ‘uint32_t’ {aka ‘unsigned int’} [-Wsign-compare]
   63 |     for (int i = 0; i <= maxid; i++) {
      |                       ^~
/home/david/AprilTag-ROS-2-camera/src/common/getopt.c: In function ‘getopt_parse’:
/home/david/AprilTag-ROS-2-camera/src/common/getopt.c:186:14: warning: comparison of integer expressions of different signedness: ‘unsigned int’ and ‘int’ [-Wsign-compare]
  186 |     while (i < zarray_size(toks)) {
      |              ^
/home/david/AprilTag-ROS-2-camera/src/common/getopt.c:209:27: warning: comparison of integer expressions of different signedness: ‘unsigned int’ and ‘int’ [-Wsign-compare]
  209 |                 if ((i+1) < zarray_size(toks)) {
      |                           ^
/home/david/AprilTag-ROS-2-camera/src/common/getopt.c:231:27: warning: comparison of integer expressions of different signedness: ‘unsigned int’ and ‘int’ [-Wsign-compare]
  231 |                 if ((i+1) < zarray_size(toks)) {
      |                           ^
/home/david/AprilTag-ROS-2-camera/src/common/getopt.c:248:31: warning: comparison of integer expressions of different signedness: ‘int’ and ‘size_t’ {aka ‘long unsigned int’} [-Wsign-compare]
  248 |             for (pos = 1; pos < len; pos++) {
      |                               ^
/home/david/AprilTag-ROS-2-camera/src/common/getopt.c:279:31: warning: comparison of integer expressions of different signedness: ‘unsigned int’ and ‘int’ [-Wsign-compare]
  279 |                     if ((i+1) < zarray_size(toks)) {
      |                               ^
/home/david/AprilTag-ROS-2-camera/src/apriltag_quad_thresh.c: In function ‘apriltag_quad_thresh’:
/home/david/AprilTag-ROS-2-camera/src/apriltag_quad_thresh.c:1705:51: warning: comparison of integer expressions of different signedness: ‘uint32_t’ {aka ‘unsigned int’} and ‘int’ [-Wsign-compare]
 1705 |                 if (unionfind_get_set_size(uf, v) < td->qtp.min_cluster_pixels)
      |                                                   ^
/home/david/AprilTag-ROS-2-camera/src/common/getopt.c: In function ‘getopt_get_usage’:
/home/david/AprilTag-ROS-2-camera/src/common/getopt.c:510:32: warning: comparison of integer expressions of different signedness: ‘unsigned int’ and ‘int’ [-Wsign-compare]
  510 |     for (unsigned int i = 0; i < zarray_size(gopt->options); i++) {
      |                                ^
/home/david/AprilTag-ROS-2-camera/src/common/getopt.c:523:32: warning: comparison of integer expressions of different signedness: ‘unsigned int’ and ‘int’ [-Wsign-compare]
  523 |     for (unsigned int i = 0; i < zarray_size(gopt->options); i++) {
      |                                ^
/home/david/AprilTag-ROS-2-camera/src/common/string_util.c: In function ‘str_diff_idx’:
/home/david/AprilTag-ROS-2-camera/src/common/string_util.c:146:14: warning: comparison of integer expressions of different signedness: ‘int’ and ‘size_t’ {aka ‘long unsigned int’} [-Wsign-compare]
  146 |     for (; i < minlen; i++)
      |              ^
/home/david/AprilTag-ROS-2-camera/src/common/string_util.c: In function ‘str_tolowercase’:
/home/david/AprilTag-ROS-2-camera/src/common/string_util.c:260:23: warning: comparison of integer expressions of different signedness: ‘int’ and ‘size_t’ {aka ‘long unsigned int’} [-Wsign-compare]
  260 |     for (int i = 0; i < slen; i++) {
      |                       ^
/home/david/AprilTag-ROS-2-camera/src/common/string_util.c: In function ‘str_touppercase’:
/home/david/AprilTag-ROS-2-camera/src/common/string_util.c:273:23: warning: comparison of integer expressions of different signedness: ‘int’ and ‘size_t’ {aka ‘long unsigned int’} [-Wsign-compare]
  273 |     for (int i = 0; i < slen; i++) {
      |                       ^
/home/david/AprilTag-ROS-2-camera/src/common/string_util.c: In function ‘string_buffer_append’:
/home/david/AprilTag-ROS-2-camera/src/common/string_util.c:306:20: warning: comparison of integer expressions of different signedness: ‘size_t’ {aka ‘long unsigned int’} and ‘int’ [-Wsign-compare]
  306 |     if (sb->size+2 >= sb->alloc) {
      |                    ^~
/home/david/AprilTag-ROS-2-camera/src/common/string_util.c: In function ‘string_buffer_append_string’:
/home/david/AprilTag-ROS-2-camera/src/common/string_util.c:364:29: warning: comparison of integer expressions of different signedness: ‘size_t’ {aka ‘long unsigned int’} and ‘int’ [-Wsign-compare]
  364 |     while (sb->size+len + 1 >= sb->alloc) {
      |                             ^~
/home/david/AprilTag-ROS-2-camera/src/common/string_util.c: In function ‘string_feeder_require’:
/home/david/AprilTag-ROS-2-camera/src/common/string_util.c:517:23: warning: comparison of integer expressions of different signedness: ‘int’ and ‘size_t’ {aka ‘long unsigned int’} [-Wsign-compare]
  517 |     for (int i = 0; i < len; i++) {
      |                       ^
In file included from /home/david/AprilTag-ROS-2-camera/src/common/zarray.h:36,
                 from /home/david/AprilTag-ROS-2-camera/src/common/string_util.h:39,
                 from /home/david/AprilTag-ROS-2-camera/src/common/string_util.c:41:
/home/david/AprilTag-ROS-2-camera/src/common/string_util.c: In function ‘str_substring’:
/home/david/AprilTag-ROS-2-camera/src/common/string_util.c:583:33: warning: comparison of integer expressions of different signedness: ‘long int’ and ‘size_t’ {aka ‘long unsigned int’} [-Wsign-compare]
  583 |     assert(endidx < 0 || endidx >= startidx);
      |                                 ^~
/home/david/AprilTag-ROS-2-camera/src/common/string_util.c:584:33: warning: comparison of integer expressions of different signedness: ‘long int’ and ‘size_t’ {aka ‘long unsigned int’} [-Wsign-compare]
  584 |     assert(endidx < 0 || endidx <= strlen(str)+1);
      |                                 ^~
/home/david/AprilTag-ROS-2-camera/src/common/string_util.c: In function ‘str_replace’:
/home/david/AprilTag-ROS-2-camera/src/common/string_util.c:607:16: warning: comparison of integer expressions of different signedness: ‘int’ and ‘size_t’ {aka ‘long unsigned int’} [-Wsign-compare]
  607 |     while (pos < haystack_len) {
      |                ^
/home/david/AprilTag-ROS-2-camera/src/contrib/pdfutil.c: In function ‘pdf_font_name’:
/home/david/AprilTag-ROS-2-camera/src/contrib/pdfutil.c:867:1: warning: control reaches end of non-void function [-Wreturn-type]
  867 | }
      | ^
