-- Checking for one of the modules 'opencv>=2.3'
-- Configuring done
-- Generating done
-- Build files have been written to: /home/david/AprilTag-ROS-2-camera/build/AprilTag
Consolidate compiler generated dependencies of target apriltag
[  6%] Building C object src/CMakeFiles/apriltag.dir/tag36h11.c.o
[  6%] Building C object src/CMakeFiles/apriltag.dir/tag36h10.c.o
[  6%] Building C object src/CMakeFiles/apriltag.dir/tag25h9.c.o
[  8%] Building C object src/CMakeFiles/apriltag.dir/g2d.c.o
[ 11%] Building C object src/CMakeFiles/apriltag.dir/apriltag_family.c.o
[ 15%] Building C object src/CMakeFiles/apriltag.dir/tag25h7.c.o
[ 15%] Building C object src/CMakeFiles/apriltag.dir/apriltag.c.o
[ 17%] Building C object src/CMakeFiles/apriltag.dir/apriltag_quad_thresh.c.o
[ 20%] Building C object src/CMakeFiles/apriltag.dir/common/zhash.c.o
[ 22%] Building C object src/CMakeFiles/apriltag.dir/common/zmaxheap.c.o
[ 24%] Building C object src/CMakeFiles/apriltag.dir/tag36artoolkit.c.o
[ 26%] Building C object src/CMakeFiles/apriltag.dir/common/image_u8.c.o
[ 28%] Building C object src/CMakeFiles/apriltag.dir/common/unionfind.c.o
[ 31%] Building C object src/CMakeFiles/apriltag.dir/common/pnm.c.o
[ 33%] Building C object src/CMakeFiles/apriltag.dir/common/image_f32.c.o
[ 35%] Building C object src/CMakeFiles/apriltag.dir/common/image_u32.c.o
[ 37%] Building C object src/CMakeFiles/apriltag.dir/common/zarray.c.o
[ 40%] Building C object src/CMakeFiles/apriltag.dir/tag16h5.c.o
[ 42%] Building C object src/CMakeFiles/apriltag.dir/common/matd.c.o
[ 44%] Building C object src/CMakeFiles/apriltag.dir/common/workerpool.c.o
[ 46%] Building C object src/CMakeFiles/apriltag.dir/common/time_util.c.o
[ 48%] Building C object src/CMakeFiles/apriltag.dir/common/svd22.c.o
[ 51%] Building C object src/CMakeFiles/apriltag.dir/common/homography.c.o
[ 53%] Building C object src/CMakeFiles/apriltag.dir/common/getopt.c.o
[ 55%] Building C object src/CMakeFiles/apriltag.dir/common/string_util.c.o
[ 57%] Building C object src/CMakeFiles/apriltag.dir/contrib/box.c.o
[ 60%] Building C object src/CMakeFiles/apriltag.dir/contrib/contour.c.o
[ 62%] Building C object src/CMakeFiles/apriltag.dir/contrib/lm.c.o
[ 64%] Building C object src/CMakeFiles/apriltag.dir/contrib/pdfutil.c.o
[ 66%] Building C object src/CMakeFiles/apriltag.dir/contrib/apriltag_quad_contour.c.o
[ 68%] Building C object src/CMakeFiles/apriltag.dir/contrib/apriltag_vis.c.o
[ 71%] Building C object src/CMakeFiles/apriltag.dir/contrib/pose.c.o
[ 73%] Linking C shared library ../lib/libapriltag.so
[ 73%] Built target apriltag
Consolidate compiler generated dependencies of target pose_test
Consolidate compiler generated dependencies of target lm_test
Consolidate compiler generated dependencies of target apriltag_demo
Consolidate compiler generated dependencies of target maketags
Consolidate compiler generated dependencies of target contour_test
Consolidate compiler generated dependencies of target pdf_test
[ 75%] Building C object src/CMakeFiles/pose_test.dir/contrib/pose_test.c.o
[ 77%] Building CXX object src/CMakeFiles/lm_test.dir/contrib/lm_test.cpp.o
[ 80%] Building C object src/CMakeFiles/apriltag_demo.dir/apriltag_demo.c.o
[ 82%] Building C object src/CMakeFiles/maketags.dir/contrib/maketags.c.o
[ 86%] Building C object src/CMakeFiles/contour_test.dir/contrib/contour_test.c.o
[ 86%] Building CXX object src/CMakeFiles/pdf_test.dir/contrib/pdf_test.cpp.o
[ 88%] Linking C executable ../bin/contour_test
[ 91%] Linking C executable ../bin/apriltag_demo
[ 93%] Linking C executable ../bin/maketags
[ 95%] Linking C executable ../bin/pose_test
[ 95%] Built target contour_test
[ 95%] Built target maketags
[ 95%] Built target apriltag_demo
[ 95%] Built target pose_test
[ 97%] Linking CXX executable ../bin/lm_test
[100%] Linking CXX executable ../bin/pdf_test
[100%] Built target lm_test
[100%] Built target pdf_test
-- Install configuration: ""
-- Installing: /home/david/AprilTag-ROS-2-camera/install/AprilTag/bin/apriltag_demo
-- Set runtime path of "/home/david/AprilTag-ROS-2-camera/install/AprilTag/bin/apriltag_demo" to ""
-- Installing: /home/david/AprilTag-ROS-2-camera/install/AprilTag/bin/maketags
-- Set runtime path of "/home/david/AprilTag-ROS-2-camera/install/AprilTag/bin/maketags" to ""
-- Installing: /home/david/AprilTag-ROS-2-camera/install/AprilTag/lib/libapriltag.so
