[0.006s] Invoking command in '/home/david/AprilTag_ROS2_intel-D435/build/AprilTag': CONDA_PROMPT_MODIFIER=(base) /usr/bin/cmake --build /home/david/AprilTag_ROS2_intel-D435/build/AprilTag -- -j20 -l20
[0.011s] CMake Error: The current CMakeCache.txt directory /home/david/AprilTag_ROS2_intel-D435/build/AprilTag/CMakeCache.txt is different than the directory /home/david/AprilTag-ROS-2-camera/build/AprilTag where CMakeCache.txt was created. This may result in binaries being created in the wrong place. If you are not sure, reedit the CMakeCache.txt
[0.020s] CMake Deprecation Warning at CMakeLists.txt:3 (cmake_minimum_required):
[0.020s]   Compatibility with CMake < 2.8.12 will be removed from a future version of
[0.020s]   CMake.
[0.020s] 
[0.020s]   Update the VERSION argument <min> value or use a ...<max> suffix to tell
[0.020s]   CMake that the project does not need compatibility with older versions.
[0.020s] 
[0.020s] 
[0.024s] -- Checking for one of the modules 'opencv>=2.3'
[0.026s] -- Configuring done
[0.033s] -- Generating done
[0.035s] -- Build files have been written to: /home/david/AprilTag-ROS-2-camera/build/AprilTag
[0.054s] Consolidate compiler generated dependencies of target apriltag
[0.062s] [  6%] Building C object src/CMakeFiles/apriltag.dir/tag36h11.c.o
[0.062s] [  6%] Building C object src/CMakeFiles/apriltag.dir/tag36h10.c.o
[0.062s] [  6%] Building C object src/CMakeFiles/apriltag.dir/tag25h9.c.o
[0.062s] [  8%] Building C object src/CMakeFiles/apriltag.dir/g2d.c.o
[0.062s] [ 11%] Building C object src/CMakeFiles/apriltag.dir/apriltag_family.c.o
[0.062s] [ 15%] Building C object src/CMakeFiles/apriltag.dir/tag25h7.c.o
[0.062s] [ 15%] Building C object src/CMakeFiles/apriltag.dir/apriltag.c.o
[0.062s] [ 17%] Building C object src/CMakeFiles/apriltag.dir/apriltag_quad_thresh.c.o
[0.062s] [ 20%] Building C object src/CMakeFiles/apriltag.dir/common/zhash.c.o
[0.062s] [ 22%] Building C object src/CMakeFiles/apriltag.dir/common/zmaxheap.c.o
[0.062s] [ 24%] Building C object src/CMakeFiles/apriltag.dir/tag36artoolkit.c.o
[0.063s] [ 26%] Building C object src/CMakeFiles/apriltag.dir/common/image_u8.c.o
[0.063s] [ 28%] Building C object src/CMakeFiles/apriltag.dir/common/unionfind.c.o
[0.063s] [ 31%] Building C object src/CMakeFiles/apriltag.dir/common/pnm.c.o
[0.063s] [ 33%] Building C object src/CMakeFiles/apriltag.dir/common/image_f32.c.o
[0.063s] [ 35%] Building C object src/CMakeFiles/apriltag.dir/common/image_u32.c.o
[0.063s] [ 37%] Building C object src/CMakeFiles/apriltag.dir/common/zarray.c.o
[0.064s] [ 40%] Building C object src/CMakeFiles/apriltag.dir/tag16h5.c.o
[0.064s] [ 42%] Building C object src/CMakeFiles/apriltag.dir/common/matd.c.o
[0.066s] [ 44%] Building C object src/CMakeFiles/apriltag.dir/common/workerpool.c.o
[0.073s] In file included from /home/david/AprilTag-ROS-2-camera/src/common/unionfind.c:32:
[0.073s] /home/david/AprilTag-ROS-2-camera/src/common/unionfind.h: In function ‘unionfind_create’:
[0.073s] /home/david/AprilTag-ROS-2-camera/src/common/unionfind.h:63:23: warning: comparison of integer expressions of different signedness: ‘int’ and ‘uint32_t’ {aka ‘unsigned int’} [-Wsign-compare]
[0.073s]    63 |     for (int i = 0; i <= maxid; i++) {
[0.073s]       |                       ^~
[0.078s] /home/david/AprilTag-ROS-2-camera/src/common/zhash.c: In function ‘zhash_get’:
[0.078s] /home/david/AprilTag-ROS-2-camera/src/common/zhash.c:143:23: warning: comparison of integer expressions of different signedness: ‘int’ and ‘uint32_t’ {aka ‘unsigned int’} [-Wsign-compare]
[0.078s]   143 |     for (int i = 0; i < bucket->size; i++) {
[0.078s]       |                       ^
[0.078s] /home/david/AprilTag-ROS-2-camera/src/common/zhash.c: In function ‘zhash_get_volatile’:
[0.078s] /home/david/AprilTag-ROS-2-camera/src/common/zhash.c:166:23: warning: comparison of integer expressions of different signedness: ‘int’ and ‘uint32_t’ {aka ‘unsigned int’} [-Wsign-compare]
[0.078s]   166 |     for (int i = 0; i < bucket->size; i++) {
[0.078s]       |                       ^
[0.078s] /home/david/AprilTag-ROS-2-camera/src/common/zhash.c: In function ‘zhash_put_real’:
[0.078s] /home/david/AprilTag-ROS-2-camera/src/common/zhash.c:195:23: warning: comparison of integer expressions of different signedness: ‘int’ and ‘uint32_t’ {aka ‘unsigned int’} [-Wsign-compare]
[0.078s]   195 |     for (int i = 0; i < bucket->size; i++) {
[0.078s]       |                       ^
[0.078s] /home/david/AprilTag-ROS-2-camera/src/common/zhash.c: In function ‘zhash_remove’:
[0.079s] /home/david/AprilTag-ROS-2-camera/src/common/zhash.c:245:23: warning: comparison of integer expressions of different signedness: ‘int’ and ‘uint32_t’ {aka ‘unsigned int’} [-Wsign-compare]
[0.079s]   245 |     for (int i = 0; i < bucket->size; i++) {
[0.079s]       |                       ^
[0.079s] /home/david/AprilTag-ROS-2-camera/src/common/zhash.c:262:19: warning: comparison of integer expressions of different signedness: ‘int’ and ‘uint32_t’ {aka ‘unsigned int’} [-Wsign-compare]
[0.079s]   262 |             if (i != bucket->size - 1) {
[0.079s]       |                   ^~
[0.079s] /home/david/AprilTag-ROS-2-camera/src/common/zhash.c: In function ‘zhash_iterator_next_volatile’:
[0.079s] /home/david/AprilTag-ROS-2-camera/src/common/zhash.c:368:22: warning: comparison of integer expressions of different signedness: ‘int’ and ‘uint32_t’ {aka ‘unsigned int’} [-Wsign-compare]
[0.079s]   368 |         if (zit->idx < bucket->size) {
[0.079s]       |                      ^
[0.080s] /home/david/AprilTag-ROS-2-camera/src/common/image_u8.c: In function ‘image_u8_write_pnm’:
[0.080s] /home/david/AprilTag-ROS-2-camera/src/common/image_u8.c:181:23: warning: comparison of integer expressions of different signedness: ‘int’ and ‘size_t’ {aka ‘long unsigned int’} [-Wsign-compare]
[0.080s]   181 |         if (im->width != fwrite(&im->buf[y*im->stride], 1, im->width, f)) {
[0.080s]       |                       ^~
[0.086s] [ 46%] Building C object src/CMakeFiles/apriltag.dir/common/time_util.c.o
[0.087s] [ 48%] Building C object src/CMakeFiles/apriltag.dir/common/svd22.c.o
[0.089s] /home/david/AprilTag-ROS-2-camera/src/apriltag.c: In function ‘rotate90’:
[0.089s] /home/david/AprilTag-ROS-2-camera/src/apriltag.c:89:31: warning: comparison of integer expressions of different signedness: ‘int32_t’ {aka ‘int’} and ‘uint32_t’ {aka ‘unsigned int’} [-Wsign-compare]
[0.089s]    89 |         for (int32_t c = 0; c < d; c++) {
[0.089s]       |                               ^
[0.089s] /home/david/AprilTag-ROS-2-camera/src/apriltag.c: In function ‘quick_decode_init’:
[0.090s] /home/david/AprilTag-ROS-2-camera/src/apriltag.c:180:23: warning: comparison of integer expressions of different signedness: ‘int’ and ‘uint32_t’ {aka ‘unsigned int’} [-Wsign-compare]
[0.090s]   180 |     for (int i = 0; i < family->ncodes; i++) {
[0.090s]       |                       ^
[0.090s] /home/david/AprilTag-ROS-2-camera/src/apriltag.c: In function ‘quad_decode’:
[0.090s] /home/david/AprilTag-ROS-2-camera/src/apriltag.c:602:43: warning: comparison of integer expressions of different signedness: ‘int’ and ‘long unsigned int’ [-Wsign-compare]
[0.090s]   602 |     for (int pattern_idx = 0; pattern_idx < sizeof(patterns)/(5*sizeof(float)); pattern_idx ++) {
[0.091s]       |                                           ^
[0.091s] /home/david/AprilTag-ROS-2-camera/src/apriltag.c:607:27: warning: comparison of integer expressions of different signedness: ‘int’ and ‘uint32_t’ {aka ‘unsigned int’} [-Wsign-compare]
[0.091s]   607 |         for (int i = 0; i < 2*family->black_border + family->d; i++) {
[0.091s]       |                           ^
[0.091s] /home/david/AprilTag-ROS-2-camera/src/apriltag.c:637:33: warning: comparison of integer expressions of different signedness: ‘int’ and ‘uint32_t’ {aka ‘unsigned int’} [-Wsign-compare]
[0.091s]   637 |     for (int bitidx = 0; bitidx < family->d * family->d; bitidx++) {
[0.091s]       |                                 ^
[0.094s] [ 51%] Building C object src/CMakeFiles/apriltag.dir/common/homography.c.o
[0.097s] [ 53%] Building C object src/CMakeFiles/apriltag.dir/common/getopt.c.o
[0.097s] [ 55%] Building C object src/CMakeFiles/apriltag.dir/common/string_util.c.o
[0.100s] In file included from /home/david/AprilTag-ROS-2-camera/src/apriltag_quad_thresh.c:44:
[0.100s] /home/david/AprilTag-ROS-2-camera/src/common/unionfind.h: In function ‘unionfind_create’:
[0.100s] /home/david/AprilTag-ROS-2-camera/src/common/unionfind.h:63:23: warning: comparison of integer expressions of different signedness: ‘int’ and ‘uint32_t’ {aka ‘unsigned int’} [-Wsign-compare]
[0.100s]    63 |     for (int i = 0; i <= maxid; i++) {
[0.100s]       |                       ^~
[0.101s] [ 57%] Building C object src/CMakeFiles/apriltag.dir/contrib/box.c.o
[0.104s] [ 60%] Building C object src/CMakeFiles/apriltag.dir/contrib/contour.c.o
[0.107s] [ 62%] Building C object src/CMakeFiles/apriltag.dir/contrib/lm.c.o
[0.109s] /home/david/AprilTag-ROS-2-camera/src/common/getopt.c: In function ‘getopt_parse’:
[0.109s] /home/david/AprilTag-ROS-2-camera/src/common/getopt.c:186:14: warning: comparison of integer expressions of different signedness: ‘unsigned int’ and ‘int’ [-Wsign-compare]
[0.109s]   186 |     while (i < zarray_size(toks)) {
[0.109s]       |              ^
[0.109s] /home/david/AprilTag-ROS-2-camera/src/common/getopt.c:209:27: warning: comparison of integer expressions of different signedness: ‘unsigned int’ and ‘int’ [-Wsign-compare]
[0.109s]   209 |                 if ((i+1) < zarray_size(toks)) {
[0.109s]       |                           ^
[0.109s] /home/david/AprilTag-ROS-2-camera/src/common/getopt.c:231:27: warning: comparison of integer expressions of different signedness: ‘unsigned int’ and ‘int’ [-Wsign-compare]
[0.109s]   231 |                 if ((i+1) < zarray_size(toks)) {
[0.109s]       |                           ^
[0.109s] /home/david/AprilTag-ROS-2-camera/src/common/getopt.c:248:31: warning: comparison of integer expressions of different signedness: ‘int’ and ‘size_t’ {aka ‘long unsigned int’} [-Wsign-compare]
[0.109s]   248 |             for (pos = 1; pos < len; pos++) {
[0.109s]       |                               ^
[0.109s] /home/david/AprilTag-ROS-2-camera/src/common/getopt.c:279:31: warning: comparison of integer expressions of different signedness: ‘unsigned int’ and ‘int’ [-Wsign-compare]
[0.109s]   279 |                     if ((i+1) < zarray_size(toks)) {
[0.109s]       |                               ^
[0.111s] /home/david/AprilTag-ROS-2-camera/src/apriltag_quad_thresh.c: In function ‘apriltag_quad_thresh’:
[0.111s] /home/david/AprilTag-ROS-2-camera/src/apriltag_quad_thresh.c:1705:51: warning: comparison of integer expressions of different signedness: ‘uint32_t’ {aka ‘unsigned int’} and ‘int’ [-Wsign-compare]
[0.111s]  1705 |                 if (unionfind_get_set_size(uf, v) < td->qtp.min_cluster_pixels)
[0.111s]       |                                                   ^
[0.111s] /home/david/AprilTag-ROS-2-camera/src/common/getopt.c: In function ‘getopt_get_usage’:
[0.111s] /home/david/AprilTag-ROS-2-camera/src/common/getopt.c:510:32: warning: comparison of integer expressions of different signedness: ‘unsigned int’ and ‘int’ [-Wsign-compare]
[0.111s]   510 |     for (unsigned int i = 0; i < zarray_size(gopt->options); i++) {
[0.111s]       |                                ^
[0.111s] /home/david/AprilTag-ROS-2-camera/src/common/getopt.c:523:32: warning: comparison of integer expressions of different signedness: ‘unsigned int’ and ‘int’ [-Wsign-compare]
[0.111s]   523 |     for (unsigned int i = 0; i < zarray_size(gopt->options); i++) {
[0.111s]       |                                ^
[0.112s] [ 64%] Building C object src/CMakeFiles/apriltag.dir/contrib/pdfutil.c.o
[0.112s] [ 66%] Building C object src/CMakeFiles/apriltag.dir/contrib/apriltag_quad_contour.c.o
[0.112s] [ 68%] Building C object src/CMakeFiles/apriltag.dir/contrib/apriltag_vis.c.o
[0.114s] /home/david/AprilTag-ROS-2-camera/src/common/string_util.c: In function ‘str_diff_idx’:
[0.114s] /home/david/AprilTag-ROS-2-camera/src/common/string_util.c:146:14: warning: comparison of integer expressions of different signedness: ‘int’ and ‘size_t’ {aka ‘long unsigned int’} [-Wsign-compare]
[0.114s]   146 |     for (; i < minlen; i++)
[0.114s]       |              ^
[0.114s] /home/david/AprilTag-ROS-2-camera/src/common/string_util.c: In function ‘str_tolowercase’:
[0.114s] /home/david/AprilTag-ROS-2-camera/src/common/string_util.c:260:23: warning: comparison of integer expressions of different signedness: ‘int’ and ‘size_t’ {aka ‘long unsigned int’} [-Wsign-compare]
[0.115s]   260 |     for (int i = 0; i < slen; i++) {
[0.115s]       |                       ^
[0.115s] /home/david/AprilTag-ROS-2-camera/src/common/string_util.c: In function ‘str_touppercase’:
[0.115s] /home/david/AprilTag-ROS-2-camera/src/common/string_util.c:273:23: warning: comparison of integer expressions of different signedness: ‘int’ and ‘size_t’ {aka ‘long unsigned int’} [-Wsign-compare]
[0.115s]   273 |     for (int i = 0; i < slen; i++) {
[0.115s]       |                       ^
[0.115s] /home/david/AprilTag-ROS-2-camera/src/common/string_util.c: In function ‘string_buffer_append’:
[0.115s] /home/david/AprilTag-ROS-2-camera/src/common/string_util.c:306:20: warning: comparison of integer expressions of different signedness: ‘size_t’ {aka ‘long unsigned int’} and ‘int’ [-Wsign-compare]
[0.115s]   306 |     if (sb->size+2 >= sb->alloc) {
[0.115s]       |                    ^~
[0.115s] /home/david/AprilTag-ROS-2-camera/src/common/string_util.c: In function ‘string_buffer_append_string’:
[0.115s] /home/david/AprilTag-ROS-2-camera/src/common/string_util.c:364:29: warning: comparison of integer expressions of different signedness: ‘size_t’ {aka ‘long unsigned int’} and ‘int’ [-Wsign-compare]
[0.115s]   364 |     while (sb->size+len + 1 >= sb->alloc) {
[0.115s]       |                             ^~
[0.115s] [ 71%] Building C object src/CMakeFiles/apriltag.dir/contrib/pose.c.o
[0.115s] /home/david/AprilTag-ROS-2-camera/src/common/string_util.c: In function ‘string_feeder_require’:
[0.115s] /home/david/AprilTag-ROS-2-camera/src/common/string_util.c:517:23: warning: comparison of integer expressions of different signedness: ‘int’ and ‘size_t’ {aka ‘long unsigned int’} [-Wsign-compare]
[0.115s]   517 |     for (int i = 0; i < len; i++) {
[0.116s]       |                       ^
[0.116s] In file included from /home/david/AprilTag-ROS-2-camera/src/common/zarray.h:36,
[0.116s]                  from /home/david/AprilTag-ROS-2-camera/src/common/string_util.h:39,
[0.116s]                  from /home/david/AprilTag-ROS-2-camera/src/common/string_util.c:41:
[0.116s] /home/david/AprilTag-ROS-2-camera/src/common/string_util.c: In function ‘str_substring’:
[0.116s] /home/david/AprilTag-ROS-2-camera/src/common/string_util.c:583:33: warning: comparison of integer expressions of different signedness: ‘long int’ and ‘size_t’ {aka ‘long unsigned int’} [-Wsign-compare]
[0.116s]   583 |     assert(endidx < 0 || endidx >= startidx);
[0.116s]       |                                 ^~
[0.116s] /home/david/AprilTag-ROS-2-camera/src/common/string_util.c:584:33: warning: comparison of integer expressions of different signedness: ‘long int’ and ‘size_t’ {aka ‘long unsigned int’} [-Wsign-compare]
[0.116s]   584 |     assert(endidx < 0 || endidx <= strlen(str)+1);
[0.116s]       |                                 ^~
[0.116s] /home/david/AprilTag-ROS-2-camera/src/common/string_util.c: In function ‘str_replace’:
[0.116s] /home/david/AprilTag-ROS-2-camera/src/common/string_util.c:607:16: warning: comparison of integer expressions of different signedness: ‘int’ and ‘size_t’ {aka ‘long unsigned int’} [-Wsign-compare]
[0.116s]   607 |     while (pos < haystack_len) {
[0.116s]       |                ^
[0.137s] /home/david/AprilTag-ROS-2-camera/src/contrib/pdfutil.c: In function ‘pdf_font_name’:
[0.137s] /home/david/AprilTag-ROS-2-camera/src/contrib/pdfutil.c:867:1: warning: control reaches end of non-void function [-Wreturn-type]
[0.137s]   867 | }
[0.137s]       | ^
[0.184s] [ 73%] Linking C shared library ../lib/libapriltag.so
[0.214s] [ 73%] Built target apriltag
[0.220s] Consolidate compiler generated dependencies of target pose_test
[0.220s] Consolidate compiler generated dependencies of target lm_test
[0.220s] Consolidate compiler generated dependencies of target apriltag_demo
[0.222s] Consolidate compiler generated dependencies of target maketags
[0.222s] Consolidate compiler generated dependencies of target contour_test
[0.222s] Consolidate compiler generated dependencies of target pdf_test
[0.224s] [ 75%] Building C object src/CMakeFiles/pose_test.dir/contrib/pose_test.c.o
[0.225s] [ 77%] Building CXX object src/CMakeFiles/lm_test.dir/contrib/lm_test.cpp.o
[0.226s] [ 80%] Building C object src/CMakeFiles/apriltag_demo.dir/apriltag_demo.c.o
[0.227s] [ 82%] Building C object src/CMakeFiles/maketags.dir/contrib/maketags.c.o
[0.229s] [ 86%] Building C object src/CMakeFiles/contour_test.dir/contrib/contour_test.c.o
[0.229s] [ 86%] Building CXX object src/CMakeFiles/pdf_test.dir/contrib/pdf_test.cpp.o
[0.253s] [ 88%] Linking C executable ../bin/contour_test
[0.259s] [ 91%] Linking C executable ../bin/apriltag_demo
[0.266s] [ 93%] Linking C executable ../bin/maketags
[0.266s] [ 95%] Linking C executable ../bin/pose_test
[0.282s] [ 95%] Built target contour_test
[0.290s] [ 95%] Built target maketags
[0.291s] [ 95%] Built target apriltag_demo
[0.294s] [ 95%] Built target pose_test
[0.304s] [ 97%] Linking CXX executable ../bin/lm_test
[0.311s] [100%] Linking CXX executable ../bin/pdf_test
[0.334s] [100%] Built target lm_test
[0.338s] [100%] Built target pdf_test
[0.345s] Invoked command in '/home/david/AprilTag_ROS2_intel-D435/build/AprilTag' returned '0': CONDA_PROMPT_MODIFIER=(base) /usr/bin/cmake --build /home/david/AprilTag_ROS2_intel-D435/build/AprilTag -- -j20 -l20
[0.349s] Invoking command in '/home/david/AprilTag_ROS2_intel-D435/build/AprilTag': CONDA_PROMPT_MODIFIER=(base) /usr/bin/cmake --install /home/david/AprilTag_ROS2_intel-D435/build/AprilTag
[0.355s] -- Install configuration: ""
[0.355s] -- Installing: /home/david/AprilTag-ROS-2-camera/install/AprilTag/bin/apriltag_demo
[0.355s] -- Set runtime path of "/home/david/AprilTag-ROS-2-camera/install/AprilTag/bin/apriltag_demo" to ""
[0.355s] -- Installing: /home/david/AprilTag-ROS-2-camera/install/AprilTag/bin/maketags
[0.355s] -- Set runtime path of "/home/david/AprilTag-ROS-2-camera/install/AprilTag/bin/maketags" to ""
[0.356s] -- Installing: /home/david/AprilTag-ROS-2-camera/install/AprilTag/lib/libapriltag.so
[0.357s] Invoked command in '/home/david/AprilTag_ROS2_intel-D435/build/AprilTag' returned '0': CONDA_PROMPT_MODIFIER=(base) /usr/bin/cmake --install /home/david/AprilTag_ROS2_intel-D435/build/AprilTag
