[0.006s] Invoking command in '/home/david/AprilTag-ROS-2-camera/build/AprilTag': /usr/bin/cmake --build /home/david/AprilTag-ROS-2-camera/build/AprilTag -- -j20 -l20
[0.029s] [35m[1mConsolidate compiler generated dependencies of target apriltag[0m
[0.040s] [ 73%] Built target apriltag
[0.045s] [35m[1mConsolidate compiler generated dependencies of target pose_test[0m
[0.045s] [35m[1mConsolidate compiler generated dependencies of target apriltag_demo[0m
[0.046s] [35m[1mConsolidate compiler generated dependencies of target maketags[0m
[0.046s] [35m[1mConsolidate compiler generated dependencies of target lm_test[0m
[0.046s] [35m[1mConsolidate compiler generated dependencies of target contour_test[0m
[0.047s] [35m[1mConsolidate compiler generated dependencies of target pdf_test[0m
[0.051s] [ 77%] Built target lm_test
[0.051s] [ 82%] Built target contour_test
[0.052s] [ 86%] Built target apriltag_demo
[0.052s] [ 91%] Built target pose_test
[0.052s] [ 95%] Built target maketags
[0.054s] [100%] Built target pdf_test
[0.061s] Invoked command in '/home/david/AprilTag-ROS-2-camera/build/AprilTag' returned '0': /usr/bin/cmake --build /home/david/AprilTag-ROS-2-camera/build/AprilTag -- -j20 -l20
[0.066s] Invoking command in '/home/david/AprilTag-ROS-2-camera/build/AprilTag': /usr/bin/cmake --install /home/david/AprilTag-ROS-2-camera/build/AprilTag
[0.069s] -- Install configuration: ""
[0.069s] -- Up-to-date: /home/david/AprilTag-ROS-2-camera/install/AprilTag/bin/apriltag_demo
[0.069s] -- Up-to-date: /home/david/AprilTag-ROS-2-camera/install/AprilTag/bin/maketags
[0.070s] -- Up-to-date: /home/david/AprilTag-ROS-2-camera/install/AprilTag/lib/libapriltag.so
[0.071s] Invoked command in '/home/david/AprilTag-ROS-2-camera/build/AprilTag' returned '0': /usr/bin/cmake --install /home/david/AprilTag-ROS-2-camera/build/AprilTag
