running develop
running egg_info
creating apriltag_detector.egg-info
writing apriltag_detector.egg-info/PKG-INFO
writing dependency_links to apriltag_detector.egg-info/dependency_links.txt
writing entry points to apriltag_detector.egg-info/entry_points.txt
writing requirements to apriltag_detector.egg-info/requires.txt
writing top-level names to apriltag_detector.egg-info/top_level.txt
writing manifest file 'apriltag_detector.egg-info/SOURCES.txt'
reading manifest file 'apriltag_detector.egg-info/SOURCES.txt'
writing manifest file 'apriltag_detector.egg-info/SOURCES.txt'
running build_ext
Creating /home/david/AprilTag_ROS2_intel-D435/install/apriltag_detector/lib/python3.10/site-packages/apriltag-detector.egg-link (link to .)
Installing apriltag_map script to /home/david/AprilTag_ROS2_intel-D435/install/apriltag_detector/lib/apriltag_detector
Installing camera_validator script to /home/david/AprilTag_ROS2_intel-D435/install/apriltag_detector/lib/apriltag_detector
Installing record_calibration script to /home/david/AprilTag_ROS2_intel-D435/install/apriltag_detector/lib/apriltag_detector

Installed /home/david/AprilTag_ROS2_intel-D435/build/apriltag_detector
running symlink_data
creating /home/david/AprilTag_ROS2_intel-D435/install/apriltag_detector/share/ament_index
creating /home/david/AprilTag_ROS2_intel-D435/install/apriltag_detector/share/ament_index/resource_index
creating /home/david/AprilTag_ROS2_intel-D435/install/apriltag_detector/share/ament_index/resource_index/packages
symbolically linking /home/david/AprilTag_ROS2_intel-D435/build/apriltag_detector/resource/apriltag_detector -> /home/david/AprilTag_ROS2_intel-D435/install/apriltag_detector/share/ament_index/resource_index/packages
symbolically linking /home/david/AprilTag_ROS2_intel-D435/build/apriltag_detector/package.xml -> /home/david/AprilTag_ROS2_intel-D435/install/apriltag_detector/share/apriltag_detector
