[0.348s] Invoking command in '/home/david/AprilTag_ROS2_intel-D435/build/apriltag_detector': CONDA_PROMPT_MODIFIER=(base) PYTHONPATH=/home/david/AprilTag_ROS2_intel-D435/build/apriltag_detector/prefix_override:/usr/lib/python3/dist-packages/colcon_core/task/python/colcon_distutils_commands:/home/david/AprilTag_ROS2_intel-D435/install/apriltag_detector/lib/python3.10/site-packages:${PYTHONPATH} /usr/bin/python3 -W ignore:setup.py install is deprecated -W ignore:easy_install command is deprecated setup.py develop --editable --build-directory /home/david/AprilTag_ROS2_intel-D435/build/apriltag_detector/build --no-deps symlink_data
[0.487s] running develop
[0.585s] running egg_info
[0.585s] creating apriltag_detector.egg-info
[0.585s] writing apriltag_detector.egg-info/PKG-INFO
[0.585s] writing dependency_links to apriltag_detector.egg-info/dependency_links.txt
[0.585s] writing entry points to apriltag_detector.egg-info/entry_points.txt
[0.585s] writing requirements to apriltag_detector.egg-info/requires.txt
[0.585s] writing top-level names to apriltag_detector.egg-info/top_level.txt
[0.586s] writing manifest file 'apriltag_detector.egg-info/SOURCES.txt'
[0.587s] reading manifest file 'apriltag_detector.egg-info/SOURCES.txt'
[0.587s] writing manifest file 'apriltag_detector.egg-info/SOURCES.txt'
[0.588s] running build_ext
[0.588s] Creating /home/david/AprilTag_ROS2_intel-D435/install/apriltag_detector/lib/python3.10/site-packages/apriltag-detector.egg-link (link to .)
[0.588s] Installing apriltag_map script to /home/david/AprilTag_ROS2_intel-D435/install/apriltag_detector/lib/apriltag_detector
[0.588s] Installing camera_validator script to /home/david/AprilTag_ROS2_intel-D435/install/apriltag_detector/lib/apriltag_detector
[0.588s] Installing record_calibration script to /home/david/AprilTag_ROS2_intel-D435/install/apriltag_detector/lib/apriltag_detector
[0.588s] 
[0.588s] Installed /home/david/AprilTag_ROS2_intel-D435/build/apriltag_detector
[0.588s] running symlink_data
[0.588s] creating /home/david/AprilTag_ROS2_intel-D435/install/apriltag_detector/share/ament_index
[0.588s] creating /home/david/AprilTag_ROS2_intel-D435/install/apriltag_detector/share/ament_index/resource_index
[0.588s] creating /home/david/AprilTag_ROS2_intel-D435/install/apriltag_detector/share/ament_index/resource_index/packages
[0.588s] symbolically linking /home/david/AprilTag_ROS2_intel-D435/build/apriltag_detector/resource/apriltag_detector -> /home/david/AprilTag_ROS2_intel-D435/install/apriltag_detector/share/ament_index/resource_index/packages
[0.588s] symbolically linking /home/david/AprilTag_ROS2_intel-D435/build/apriltag_detector/package.xml -> /home/david/AprilTag_ROS2_intel-D435/install/apriltag_detector/share/apriltag_detector
[0.602s] Invoked command in '/home/david/AprilTag_ROS2_intel-D435/build/apriltag_detector' returned '0': CONDA_PROMPT_MODIFIER=(base) PYTHONPATH=/home/david/AprilTag_ROS2_intel-D435/build/apriltag_detector/prefix_override:/usr/lib/python3/dist-packages/colcon_core/task/python/colcon_distutils_commands:/home/david/AprilTag_ROS2_intel-D435/install/apriltag_detector/lib/python3.10/site-packages:${PYTHONPATH} /usr/bin/python3 -W ignore:setup.py install is deprecated -W ignore:easy_install command is deprecated setup.py develop --editable --build-directory /home/david/AprilTag_ROS2_intel-D435/build/apriltag_detector/build --no-deps symlink_data
